2019-09-20 17:25:53,780 - root - DEBUG - Opening watch face 'faces/remake_by_wahwahid_031_en_packed.bin'
2019-09-20 17:25:53,780 - root - DEBUG - Reading parameters...
2019-09-20 17:25:53,780 - root - INFO - Reading header...
2019-09-20 17:25:53,780 - root - INFO - Header was read:
2019-09-20 17:25:53,780 - root - INFO - Signature: b'HMDIAL\x00', Unknown: 80, ParametersSize: 53, isValid: True
2019-09-20 17:25:53,781 - root - INFO - Reading parameter offsets...
2019-09-20 17:25:53,781 - root - INFO - Parameter offsets were read from file
2019-09-20 17:25:53,781 - root - INFO - Reading parameters descriptor...
2019-09-20 17:25:53,781 - root - INFO - 1 ( A): 5 bytes
2019-09-20 17:25:53,781 - root - INFO -     1 ( 8): 307 133
2019-09-20 17:25:53,781 - root - INFO -     2 (10): 49 31
2019-09-20 17:25:53,781 - root - INFO - getParameters descriptor was read:
2019-09-20 17:25:53,781 - root - INFO - ParametersTableLength: 307, ImagesCount: 49
2019-09-20 17:25:53,781 - root - INFO - Reading parameters locations...
2019-09-20 17:25:53,781 - root - INFO - 2 (12): 4 bytes
2019-09-20 17:25:53,781 - root - INFO -     1 ( 8): 0  0
2019-09-20 17:25:53,781 - root - INFO -     2 (10): 16 10
2019-09-20 17:25:53,781 - root - INFO - 3 (1A): 4 bytes
2019-09-20 17:25:53,781 - root - INFO -     1 ( 8): 16 10
2019-09-20 17:25:53,781 - root - INFO -     2 (10): 78 4E
2019-09-20 17:25:53,781 - root - INFO - 4 (22): 4 bytes
2019-09-20 17:25:53,782 - root - INFO -     1 ( 8): 94 5E
2019-09-20 17:25:53,782 - root - INFO -     2 (10): 44 2C
2019-09-20 17:25:53,782 - root - INFO - 5 (2A): 5 bytes
2019-09-20 17:25:53,782 - root - INFO -     1 ( 8): 138 8A
2019-09-20 17:25:53,782 - root - INFO -     2 (10): 44 2C
2019-09-20 17:25:53,782 - root - INFO - 8 (42): 5 bytes
2019-09-20 17:25:53,782 - root - INFO -     1 ( 8): 182 B6
2019-09-20 17:25:53,782 - root - INFO -     2 (10): 23 17
2019-09-20 17:25:53,782 - root - INFO - 9 (4A): 5 bytes
2019-09-20 17:25:53,782 - root - INFO -     1 ( 8): 205 CD
2019-09-20 17:25:53,782 - root - INFO -     2 (10): 22 16
2019-09-20 17:25:53,782 - root - INFO - 10 (52): 5 bytes
2019-09-20 17:25:53,782 - root - INFO -     1 ( 8): 227 E3
2019-09-20 17:25:53,782 - root - INFO -     2 (10): 80 50
2019-09-20 17:25:53,782 - root - INFO - Watch face parameters locations were read:
2019-09-20 17:25:53,782 - root - INFO - Reading descriptor for parameter 2
2019-09-20 17:25:53,782 - root - INFO - Descriptor offset: 0, Descriptor length: 16
2019-09-20 17:25:53,783 - root - INFO - Parsing descriptor for parameter 2...
2019-09-20 17:25:53,783 - root - INFO - 1 ( A): 6 bytes
2019-09-20 17:25:53,783 - root - INFO -     1 ( 8): 0  0
2019-09-20 17:25:53,783 - root - INFO -     2 (10): 0  0
2019-09-20 17:25:53,783 - root - INFO -     3 (18): 0  0
2019-09-20 17:25:53,783 - root - INFO - 3 (1A): 6 bytes
2019-09-20 17:25:53,783 - root - INFO -     1 ( 8): 0  0
2019-09-20 17:25:53,783 - root - INFO -     2 (10): 0  0
2019-09-20 17:25:53,783 - root - INFO -     3 (18): 1  1
2019-09-20 17:25:53,783 - root - INFO - Reading descriptor for parameter 3
2019-09-20 17:25:53,783 - root - INFO - Descriptor offset: 16, Descriptor length: 78
2019-09-20 17:25:53,783 - root - INFO - Parsing descriptor for parameter 3...
2019-09-20 17:25:53,783 - root - INFO - 1 ( A): 24 bytes
2019-09-20 17:25:53,783 - root - INFO -     1 ( A): 10 bytes
2019-09-20 17:25:53,783 - root - INFO -         1 ( 8): 146 92
2019-09-20 17:25:53,783 - root - INFO -         2 (10): 350 15E
2019-09-20 17:25:53,783 - root - INFO -         3 (18): 2  2
2019-09-20 17:25:53,783 - root - INFO -         4 (20): 10  A
2019-09-20 17:25:53,783 - root - INFO -     2 (12): 10 bytes
2019-09-20 17:25:53,783 - root - INFO -         1 ( 8): 184 B8
2019-09-20 17:25:53,783 - root - INFO -         2 (10): 350 15E
2019-09-20 17:25:53,784 - root - INFO -         3 (18): 2  2
2019-09-20 17:25:53,784 - root - INFO -         4 (20): 10  A
2019-09-20 17:25:53,784 - root - INFO - 2 (12): 24 bytes
2019-09-20 17:25:53,784 - root - INFO -     1 ( A): 10 bytes
2019-09-20 17:25:53,784 - root - INFO -         1 ( 8): 237 ED
2019-09-20 17:25:53,784 - root - INFO -         2 (10): 350 15E
2019-09-20 17:25:53,784 - root - INFO -         3 (18): 2  2
2019-09-20 17:25:53,784 - root - INFO -         4 (20): 10  A
2019-09-20 17:25:53,784 - root - INFO -     2 (12): 10 bytes
2019-09-20 17:25:53,784 - root - INFO -         1 ( 8): 275 113
2019-09-20 17:25:53,784 - root - INFO -         2 (10): 350 15E
2019-09-20 17:25:53,784 - root - INFO -         3 (18): 2  2
2019-09-20 17:25:53,784 - root - INFO -         4 (20): 10  A
2019-09-20 17:25:53,784 - root - INFO - 3 (1A): 24 bytes
2019-09-20 17:25:53,784 - root - INFO -     1 ( A): 10 bytes
2019-09-20 17:25:53,784 - root - INFO -         1 ( 8): 313 139
2019-09-20 17:25:53,784 - root - INFO -         2 (10): 350 15E
2019-09-20 17:25:53,784 - root - INFO -         3 (18): 12  C
2019-09-20 17:25:53,784 - root - INFO -         4 (20): 10  A
2019-09-20 17:25:53,784 - root - INFO -     2 (12): 10 bytes
2019-09-20 17:25:53,784 - root - INFO -         1 ( 8): 333 14D
2019-09-20 17:25:53,784 - root - INFO -         2 (10): 350 15E
2019-09-20 17:25:53,785 - root - INFO -         3 (18): 12  C
2019-09-20 17:25:53,785 - root - INFO -         4 (20): 10  A
2019-09-20 17:25:53,785 - root - INFO - Reading descriptor for parameter 4
2019-09-20 17:25:53,785 - root - INFO - Descriptor offset: 94, Descriptor length: 44
2019-09-20 17:25:53,785 - root - INFO - Parsing descriptor for parameter 4...
2019-09-20 17:25:53,785 - root - INFO - 3 (1A): 19 bytes
2019-09-20 17:25:53,785 - root - INFO -     1 ( 8): 94 5E
2019-09-20 17:25:53,785 - root - INFO -     2 (10): 216 D8
2019-09-20 17:25:53,785 - root - INFO -     3 (18): 154 9A
2019-09-20 17:25:53,785 - root - INFO -     4 (20): 244 F4
2019-09-20 17:25:53,785 - root - INFO -     5 (28): 24 18
2019-09-20 17:25:53,785 - root - INFO -     6 (30): 3  3
2019-09-20 17:25:53,785 - root - INFO -     7 (38): 12  C
2019-09-20 17:25:53,785 - root - INFO -     8 (40): 10  A
2019-09-20 17:25:53,785 - root - INFO - 5 (2A): 21 bytes
2019-09-20 17:25:53,785 - root - INFO -     1 ( A): 19 bytes
2019-09-20 17:25:53,785 - root - INFO -         1 ( 8): 174 AE
2019-09-20 17:25:53,785 - root - INFO -         2 (10): 123 7B
2019-09-20 17:25:53,785 - root - INFO -         3 (18): 281 119
2019-09-20 17:25:53,785 - root - INFO -         4 (20): 152 98
2019-09-20 17:25:53,785 - root - INFO -         5 (28): 24 18
2019-09-20 17:25:53,785 - root - INFO -         6 (30): 4  4
2019-09-20 17:25:53,785 - root - INFO -         7 (38): 12  C
2019-09-20 17:25:53,786 - root - INFO -         8 (40): 10  A
2019-09-20 17:25:53,786 - root - INFO - Reading descriptor for parameter 5
2019-09-20 17:25:53,786 - root - INFO - Descriptor offset: 138, Descriptor length: 44
2019-09-20 17:25:53,786 - root - INFO - Parsing descriptor for parameter 5...
2019-09-20 17:25:53,786 - root - INFO - 1 ( A): 30 bytes
2019-09-20 17:25:53,786 - root - INFO -     2 (12): 24 bytes
2019-09-20 17:25:53,786 - root - INFO -         1 ( A): 20 bytes
2019-09-20 17:25:53,786 - root - INFO -             1 ( 8): 128 80
2019-09-20 17:25:53,786 - root - INFO -             2 (10): 307 133
2019-09-20 17:25:53,786 - root - INFO -             3 (18): 210 D2
2019-09-20 17:25:53,786 - root - INFO -             4 (20): 335 14F
2019-09-20 17:25:53,786 - root - INFO -             5 (28): 24 18
2019-09-20 17:25:53,787 - root - INFO -             6 (30): 2  2
2019-09-20 17:25:53,787 - root - INFO -             7 (38): 12  C
2019-09-20 17:25:53,787 - root - INFO -             8 (40): 10  A
2019-09-20 17:25:53,787 - root - INFO -         2 (10): 22 16
2019-09-20 17:25:53,787 - root - INFO -     3 (18): 1  1
2019-09-20 17:25:53,787 - root - INFO -     4 (20): 1  1
2019-09-20 17:25:53,787 - root - INFO - 2 (12): 10 bytes
2019-09-20 17:25:53,787 - root - INFO -     1 ( 8): 241 F1
2019-09-20 17:25:53,787 - root - INFO -     2 (10): 307 133
2019-09-20 17:25:53,787 - root - INFO -     3 (18): 23 17
2019-09-20 17:25:53,787 - root - INFO -     4 (20): 21 15
2019-09-20 17:25:53,787 - root - INFO - Reading descriptor for parameter 8
2019-09-20 17:25:53,788 - root - INFO - Descriptor offset: 182, Descriptor length: 23
2019-09-20 17:25:53,788 - root - INFO - Parsing descriptor for parameter 8...
2019-09-20 17:25:53,788 - root - INFO - 1 ( A): 9 bytes
2019-09-20 17:25:53,788 - root - INFO -     1 ( A): 5 bytes
2019-09-20 17:25:53,788 - root - INFO -         1 ( 8): 113 71
2019-09-20 17:25:53,788 - root - INFO -         2 (10): 250 FA
2019-09-20 17:25:53,788 - root - INFO -     2 (10): 44 2C
2019-09-20 17:25:53,788 - root - INFO - 3 (1A): 10 bytes
2019-09-20 17:25:53,788 - root - INFO -     1 ( A): 6 bytes
2019-09-20 17:25:53,788 - root - INFO -         1 ( 8): 317 13D
2019-09-20 17:25:53,788 - root - INFO -         2 (10): 250 FA
2019-09-20 17:25:53,788 - root - INFO -     2 (10): 45 2D
2019-09-20 17:25:53,788 - root - INFO - Reading descriptor for parameter 9
2019-09-20 17:25:53,789 - root - INFO - Descriptor offset: 205, Descriptor length: 22
2019-09-20 17:25:53,789 - root - INFO - Parsing descriptor for parameter 9...
2019-09-20 17:25:53,789 - root - INFO - 1 ( A): 20 bytes
2019-09-20 17:25:53,789 - root - INFO -     1 ( 8): 300 12C
2019-09-20 17:25:53,789 - root - INFO -     2 (10): 216 D8
2019-09-20 17:25:53,789 - root - INFO -     3 (18): 361 169
2019-09-20 17:25:53,789 - root - INFO -     4 (20): 244 F4
2019-09-20 17:25:53,789 - root - INFO -     5 (28): 24 18
2019-09-20 17:25:53,789 - root - INFO -     6 (30): 3  3
2019-09-20 17:25:53,789 - root - INFO -     7 (38): 12  C
2019-09-20 17:25:53,789 - root - INFO -     8 (40): 10  A
2019-09-20 17:25:53,789 - root - INFO - Reading descriptor for parameter 10
2019-09-20 17:25:53,789 - root - INFO - Descriptor offset: 227, Descriptor length: 80
2019-09-20 17:25:53,789 - root - INFO - Parsing descriptor for parameter 10...
2019-09-20 17:25:53,789 - root - INFO - 1 ( A): 24 bytes
2019-09-20 17:25:53,790 - root - INFO -     1 ( 8): 0  0
2019-09-20 17:25:53,790 - root - INFO -     2 (10): 0  0
2019-09-20 17:25:53,790 - root - INFO -     3 (1A): 4 bytes
2019-09-20 17:25:53,790 - root - INFO -         1 ( 8): 0  0
2019-09-20 17:25:53,790 - root - INFO -         2 (10): 0  0
2019-09-20 17:25:53,790 - root - INFO -     4 (22): 4 bytes
2019-09-20 17:25:53,790 - root - INFO -         1 ( 8): 0  0
2019-09-20 17:25:53,790 - root - INFO -         2 (10): 0  0
2019-09-20 17:25:53,790 - root - INFO -     5 (2A): 6 bytes
2019-09-20 17:25:53,790 - root - INFO -         1 ( 8): 20 14
2019-09-20 17:25:53,790 - root - INFO -         2 (10): 106 6A
2019-09-20 17:25:53,790 - root - INFO -         3 (18): 46 2E
2019-09-20 17:25:53,790 - root - INFO - 2 (12): 25 bytes
2019-09-20 17:25:53,790 - root - INFO -     1 ( 8): 0  0
2019-09-20 17:25:53,790 - root - INFO -     2 (10): 0  0
2019-09-20 17:25:53,790 - root - INFO -     3 (1A): 4 bytes
2019-09-20 17:25:53,791 - root - INFO -         1 ( 8): 0  0
2019-09-20 17:25:53,791 - root - INFO -         2 (10): 0  0
2019-09-20 17:25:53,791 - root - INFO -     4 (22): 4 bytes
2019-09-20 17:25:53,791 - root - INFO -         1 ( 8): 0  0
2019-09-20 17:25:53,791 - root - INFO -         2 (10): 0  0
2019-09-20 17:25:53,791 - root - INFO -     5 (2A): 7 bytes
2019-09-20 17:25:53,791 - root - INFO -         1 ( 8): 20 14
2019-09-20 17:25:53,791 - root - INFO -         2 (10): 156 9C
2019-09-20 17:25:53,791 - root - INFO -         3 (18): 47 2F
2019-09-20 17:25:53,791 - root - INFO - 3 (1A): 25 bytes
2019-09-20 17:25:53,791 - root - INFO -     1 ( 8): 0  0
2019-09-20 17:25:53,791 - root - INFO -     2 (10): 0  0
2019-09-20 17:25:53,792 - root - INFO -     3 (1A): 4 bytes
2019-09-20 17:25:53,792 - root - INFO -         1 ( 8): 0  0
2019-09-20 17:25:53,792 - root - INFO -         2 (10): 0  0
2019-09-20 17:25:53,792 - root - INFO -     4 (22): 4 bytes
2019-09-20 17:25:53,792 - root - INFO -         1 ( 8): 0  0
2019-09-20 17:25:53,792 - root - INFO -         2 (10): 0  0
2019-09-20 17:25:53,792 - root - INFO -     5 (2A): 7 bytes
2019-09-20 17:25:53,792 - root - INFO -         1 ( 8): 24 18
2019-09-20 17:25:53,793 - root - INFO -         2 (10): 180 B4
2019-09-20 17:25:53,793 - root - INFO -         3 (18): 48 30
2019-09-20 17:25:53,794 - root - INFO - Reading resources offsets table with 49 elements (196 bytes)
2019-09-20 17:25:53,794 - root - INFO - Resource 0 offset: 624, length: 824488...
2019-09-20 17:25:53,794 - root - WARNING - Found 4 bytes gap before resource number 0
2019-09-20 17:25:53,794 - root - DEBUG - Reading resource 0...
2019-09-20 17:25:53,803 - root - WARNING - The image is 32bit.
2019-09-20 17:25:53,804 - root - INFO - Reading image header(non-bip)...
2019-09-20 17:25:53,804 - root - INFO - Image header was read:
2019-09-20 17:25:53,804 - root - INFO - Width: 454, Height: 454, RowLength: 1816
2019-09-20 17:25:53,804 - root - INFO - BPP: 32, Transparency: False
2019-09-20 17:25:54,223 - root - INFO - Resource 1 offset: 825112, length: 283048...
2019-09-20 17:25:54,223 - root - DEBUG - Reading resource 1...
2019-09-20 17:25:54,223 - root - WARNING - The image is 32bit.
2019-09-20 17:25:54,223 - root - INFO - Reading image header(non-bip)...
2019-09-20 17:25:54,223 - root - INFO - Image header was read:
2019-09-20 17:25:54,223 - root - INFO - Width: 266, Height: 266, RowLength: 1064
2019-09-20 17:25:54,224 - root - INFO - BPP: 32, Transparency: False
2019-09-20 17:25:54,367 - root - INFO - Resource 2 offset: 1108160, length: 5288...
2019-09-20 17:25:54,368 - root - DEBUG - Reading resource 2...
2019-09-20 17:25:54,368 - root - WARNING - The image is 32bit.
2019-09-20 17:25:54,368 - root - INFO - Reading image header(non-bip)...
2019-09-20 17:25:54,368 - root - INFO - Image header was read:
2019-09-20 17:25:54,368 - root - INFO - Width: 28, Height: 47, RowLength: 112
2019-09-20 17:25:54,368 - root - INFO - BPP: 32, Transparency: False
2019-09-20 17:25:54,370 - root - INFO - Resource 3 offset: 1113448, length: 5288...
2019-09-20 17:25:54,370 - root - DEBUG - Reading resource 3...
2019-09-20 17:25:54,370 - root - WARNING - The image is 32bit.
2019-09-20 17:25:54,370 - root - INFO - Reading image header(non-bip)...
2019-09-20 17:25:54,370 - root - INFO - Image header was read:
2019-09-20 17:25:54,370 - root - INFO - Width: 28, Height: 47, RowLength: 112
2019-09-20 17:25:54,370 - root - INFO - BPP: 32, Transparency: False
2019-09-20 17:25:54,373 - root - INFO - Resource 4 offset: 1118736, length: 5288...
2019-09-20 17:25:54,373 - root - DEBUG - Reading resource 4...
2019-09-20 17:25:54,373 - root - WARNING - The image is 32bit.
2019-09-20 17:25:54,373 - root - INFO - Reading image header(non-bip)...
2019-09-20 17:25:54,373 - root - INFO - Image header was read:
2019-09-20 17:25:54,373 - root - INFO - Width: 28, Height: 47, RowLength: 112
2019-09-20 17:25:54,373 - root - INFO - BPP: 32, Transparency: False
2019-09-20 17:25:54,376 - root - INFO - Resource 5 offset: 1124024, length: 5288...
2019-09-20 17:25:54,376 - root - DEBUG - Reading resource 5...
2019-09-20 17:25:54,376 - root - WARNING - The image is 32bit.
2019-09-20 17:25:54,376 - root - INFO - Reading image header(non-bip)...
2019-09-20 17:25:54,376 - root - INFO - Image header was read:
2019-09-20 17:25:54,376 - root - INFO - Width: 28, Height: 47, RowLength: 112
2019-09-20 17:25:54,376 - root - INFO - BPP: 32, Transparency: False
2019-09-20 17:25:54,378 - root - INFO - Resource 6 offset: 1129312, length: 5288...
2019-09-20 17:25:54,378 - root - DEBUG - Reading resource 6...
2019-09-20 17:25:54,378 - root - WARNING - The image is 32bit.
2019-09-20 17:25:54,378 - root - INFO - Reading image header(non-bip)...
2019-09-20 17:25:54,378 - root - INFO - Image header was read:
2019-09-20 17:25:54,378 - root - INFO - Width: 28, Height: 47, RowLength: 112
2019-09-20 17:25:54,379 - root - INFO - BPP: 32, Transparency: False
2019-09-20 17:25:54,381 - root - INFO - Resource 7 offset: 1134600, length: 5288...
2019-09-20 17:25:54,381 - root - DEBUG - Reading resource 7...
2019-09-20 17:25:54,381 - root - WARNING - The image is 32bit.
2019-09-20 17:25:54,381 - root - INFO - Reading image header(non-bip)...
2019-09-20 17:25:54,381 - root - INFO - Image header was read:
2019-09-20 17:25:54,381 - root - INFO - Width: 28, Height: 47, RowLength: 112
2019-09-20 17:25:54,381 - root - INFO - BPP: 32, Transparency: False
2019-09-20 17:25:54,384 - root - INFO - Resource 8 offset: 1139888, length: 5288...
2019-09-20 17:25:54,384 - root - DEBUG - Reading resource 8...
2019-09-20 17:25:54,384 - root - WARNING - The image is 32bit.
2019-09-20 17:25:54,384 - root - INFO - Reading image header(non-bip)...
2019-09-20 17:25:54,384 - root - INFO - Image header was read:
2019-09-20 17:25:54,384 - root - INFO - Width: 28, Height: 47, RowLength: 112
2019-09-20 17:25:54,384 - root - INFO - BPP: 32, Transparency: False
2019-09-20 17:25:54,386 - root - INFO - Resource 9 offset: 1145176, length: 5288...
2019-09-20 17:25:54,386 - root - DEBUG - Reading resource 9...
2019-09-20 17:25:54,386 - root - WARNING - The image is 32bit.
2019-09-20 17:25:54,386 - root - INFO - Reading image header(non-bip)...
2019-09-20 17:25:54,386 - root - INFO - Image header was read:
2019-09-20 17:25:54,386 - root - INFO - Width: 28, Height: 47, RowLength: 112
2019-09-20 17:25:54,386 - root - INFO - BPP: 32, Transparency: False
2019-09-20 17:25:54,389 - root - INFO - Resource 10 offset: 1150464, length: 5288...
2019-09-20 17:25:54,389 - root - DEBUG - Reading resource 10...
2019-09-20 17:25:54,389 - root - WARNING - The image is 32bit.
2019-09-20 17:25:54,389 - root - INFO - Reading image header(non-bip)...
2019-09-20 17:25:54,389 - root - INFO - Image header was read:
2019-09-20 17:25:54,389 - root - INFO - Width: 28, Height: 47, RowLength: 112
2019-09-20 17:25:54,389 - root - INFO - BPP: 32, Transparency: False
2019-09-20 17:25:54,391 - root - INFO - Resource 11 offset: 1155752, length: 5288...
2019-09-20 17:25:54,391 - root - DEBUG - Reading resource 11...
2019-09-20 17:25:54,391 - root - WARNING - The image is 32bit.
2019-09-20 17:25:54,392 - root - INFO - Reading image header(non-bip)...
2019-09-20 17:25:54,392 - root - INFO - Image header was read:
2019-09-20 17:25:54,392 - root - INFO - Width: 28, Height: 47, RowLength: 112
2019-09-20 17:25:54,392 - root - INFO - BPP: 32, Transparency: False
2019-09-20 17:25:54,394 - root - INFO - Resource 12 offset: 1161040, length: 1688...
2019-09-20 17:25:54,394 - root - DEBUG - Reading resource 12...
2019-09-20 17:25:54,394 - root - WARNING - The image is 32bit.
2019-09-20 17:25:54,394 - root - INFO - Reading image header(non-bip)...
2019-09-20 17:25:54,394 - root - INFO - Image header was read:
2019-09-20 17:25:54,394 - root - INFO - Width: 16, Height: 26, RowLength: 64
2019-09-20 17:25:54,394 - root - INFO - BPP: 32, Transparency: False
2019-09-20 17:25:54,395 - root - INFO - Resource 13 offset: 1162728, length: 1688...
2019-09-20 17:25:54,395 - root - DEBUG - Reading resource 13...
2019-09-20 17:25:54,395 - root - WARNING - The image is 32bit.
2019-09-20 17:25:54,395 - root - INFO - Reading image header(non-bip)...
2019-09-20 17:25:54,395 - root - INFO - Image header was read:
2019-09-20 17:25:54,395 - root - INFO - Width: 16, Height: 26, RowLength: 64
2019-09-20 17:25:54,395 - root - INFO - BPP: 32, Transparency: False
2019-09-20 17:25:54,396 - root - INFO - Resource 14 offset: 1164416, length: 1688...
2019-09-20 17:25:54,396 - root - DEBUG - Reading resource 14...
2019-09-20 17:25:54,396 - root - WARNING - The image is 32bit.
2019-09-20 17:25:54,396 - root - INFO - Reading image header(non-bip)...
2019-09-20 17:25:54,396 - root - INFO - Image header was read:
2019-09-20 17:25:54,396 - root - INFO - Width: 16, Height: 26, RowLength: 64
2019-09-20 17:25:54,396 - root - INFO - BPP: 32, Transparency: False
2019-09-20 17:25:54,397 - root - INFO - Resource 15 offset: 1166104, length: 1688...
2019-09-20 17:25:54,397 - root - DEBUG - Reading resource 15...
2019-09-20 17:25:54,397 - root - WARNING - The image is 32bit.
2019-09-20 17:25:54,397 - root - INFO - Reading image header(non-bip)...
2019-09-20 17:25:54,397 - root - INFO - Image header was read:
2019-09-20 17:25:54,397 - root - INFO - Width: 16, Height: 26, RowLength: 64
2019-09-20 17:25:54,397 - root - INFO - BPP: 32, Transparency: False
2019-09-20 17:25:54,398 - root - INFO - Resource 16 offset: 1167792, length: 1688...
2019-09-20 17:25:54,398 - root - DEBUG - Reading resource 16...
2019-09-20 17:25:54,398 - root - WARNING - The image is 32bit.
2019-09-20 17:25:54,398 - root - INFO - Reading image header(non-bip)...
2019-09-20 17:25:54,398 - root - INFO - Image header was read:
2019-09-20 17:25:54,398 - root - INFO - Width: 16, Height: 26, RowLength: 64
2019-09-20 17:25:54,398 - root - INFO - BPP: 32, Transparency: False
2019-09-20 17:25:54,399 - root - INFO - Resource 17 offset: 1169480, length: 1688...
2019-09-20 17:25:54,399 - root - DEBUG - Reading resource 17...
2019-09-20 17:25:54,399 - root - WARNING - The image is 32bit.
2019-09-20 17:25:54,399 - root - INFO - Reading image header(non-bip)...
2019-09-20 17:25:54,399 - root - INFO - Image header was read:
2019-09-20 17:25:54,399 - root - INFO - Width: 16, Height: 26, RowLength: 64
2019-09-20 17:25:54,399 - root - INFO - BPP: 32, Transparency: False
2019-09-20 17:25:54,400 - root - INFO - Resource 18 offset: 1171168, length: 1688...
2019-09-20 17:25:54,400 - root - DEBUG - Reading resource 18...
2019-09-20 17:25:54,400 - root - WARNING - The image is 32bit.
2019-09-20 17:25:54,400 - root - INFO - Reading image header(non-bip)...
2019-09-20 17:25:54,400 - root - INFO - Image header was read:
2019-09-20 17:25:54,400 - root - INFO - Width: 16, Height: 26, RowLength: 64
2019-09-20 17:25:54,400 - root - INFO - BPP: 32, Transparency: False
2019-09-20 17:25:54,401 - root - INFO - Resource 19 offset: 1172856, length: 1688...
2019-09-20 17:25:54,401 - root - DEBUG - Reading resource 19...
2019-09-20 17:25:54,401 - root - WARNING - The image is 32bit.
2019-09-20 17:25:54,401 - root - INFO - Reading image header(non-bip)...
2019-09-20 17:25:54,401 - root - INFO - Image header was read:
2019-09-20 17:25:54,401 - root - INFO - Width: 16, Height: 26, RowLength: 64
2019-09-20 17:25:54,401 - root - INFO - BPP: 32, Transparency: False
2019-09-20 17:25:54,402 - root - INFO - Resource 20 offset: 1174544, length: 1688...
2019-09-20 17:25:54,402 - root - DEBUG - Reading resource 20...
2019-09-20 17:25:54,402 - root - WARNING - The image is 32bit.
2019-09-20 17:25:54,402 - root - INFO - Reading image header(non-bip)...
2019-09-20 17:25:54,402 - root - INFO - Image header was read:
2019-09-20 17:25:54,402 - root - INFO - Width: 16, Height: 26, RowLength: 64
2019-09-20 17:25:54,403 - root - INFO - BPP: 32, Transparency: False
2019-09-20 17:25:54,403 - root - INFO - Resource 21 offset: 1176232, length: 1688...
2019-09-20 17:25:54,403 - root - DEBUG - Reading resource 21...
2019-09-20 17:25:54,403 - root - WARNING - The image is 32bit.
2019-09-20 17:25:54,403 - root - INFO - Reading image header(non-bip)...
2019-09-20 17:25:54,403 - root - INFO - Image header was read:
2019-09-20 17:25:54,403 - root - INFO - Width: 16, Height: 26, RowLength: 64
2019-09-20 17:25:54,404 - root - INFO - BPP: 32, Transparency: False
2019-09-20 17:25:54,404 - root - INFO - Resource 22 offset: 1177920, length: 544...
2019-09-20 17:25:54,404 - root - DEBUG - Reading resource 22...
2019-09-20 17:25:54,404 - root - WARNING - The image is 32bit.
2019-09-20 17:25:54,405 - root - INFO - Reading image header(non-bip)...
2019-09-20 17:25:54,405 - root - INFO - Image header was read:
2019-09-20 17:25:54,405 - root - INFO - Width: 5, Height: 26, RowLength: 20
2019-09-20 17:25:54,405 - root - INFO - BPP: 32, Transparency: False
2019-09-20 17:25:54,405 - root - INFO - Resource 23 offset: 1178464, length: 6160...
2019-09-20 17:25:54,405 - root - DEBUG - Reading resource 23...
2019-09-20 17:25:54,405 - root - WARNING - The image is 32bit.
2019-09-20 17:25:54,405 - root - INFO - Reading image header(non-bip)...
2019-09-20 17:25:54,405 - root - INFO - Image header was read:
2019-09-20 17:25:54,405 - root - INFO - Width: 59, Height: 26, RowLength: 236
2019-09-20 17:25:54,405 - root - INFO - BPP: 32, Transparency: False
2019-09-20 17:25:54,408 - root - INFO - Resource 24 offset: 1184624, length: 5016...
2019-09-20 17:25:54,408 - root - DEBUG - Reading resource 24...
2019-09-20 17:25:54,408 - root - WARNING - The image is 32bit.
2019-09-20 17:25:54,408 - root - INFO - Reading image header(non-bip)...
2019-09-20 17:25:54,408 - root - INFO - Image header was read:
2019-09-20 17:25:54,408 - root - INFO - Width: 48, Height: 26, RowLength: 192
2019-09-20 17:25:54,408 - root - INFO - BPP: 32, Transparency: False
2019-09-20 17:25:54,410 - root - INFO - Resource 25 offset: 1189640, length: 6160...
2019-09-20 17:25:54,410 - root - DEBUG - Reading resource 25...
2019-09-20 17:25:54,411 - root - WARNING - The image is 32bit.
2019-09-20 17:25:54,411 - root - INFO - Reading image header(non-bip)...
2019-09-20 17:25:54,411 - root - INFO - Image header was read:
2019-09-20 17:25:54,411 - root - INFO - Width: 59, Height: 26, RowLength: 236
2019-09-20 17:25:54,411 - root - INFO - BPP: 32, Transparency: False
2019-09-20 17:25:54,413 - root - INFO - Resource 26 offset: 1195800, length: 5016...
2019-09-20 17:25:54,413 - root - DEBUG - Reading resource 26...
2019-09-20 17:25:54,414 - root - WARNING - The image is 32bit.
2019-09-20 17:25:54,414 - root - INFO - Reading image header(non-bip)...
2019-09-20 17:25:54,414 - root - INFO - Image header was read:
2019-09-20 17:25:54,414 - root - INFO - Width: 48, Height: 26, RowLength: 192
2019-09-20 17:25:54,414 - root - INFO - BPP: 32, Transparency: False
2019-09-20 17:25:54,416 - root - INFO - Resource 27 offset: 1200816, length: 4080...
2019-09-20 17:25:54,416 - root - DEBUG - Reading resource 27...
2019-09-20 17:25:54,416 - root - WARNING - The image is 32bit.
2019-09-20 17:25:54,416 - root - INFO - Reading image header(non-bip)...
2019-09-20 17:25:54,416 - root - INFO - Image header was read:
2019-09-20 17:25:54,416 - root - INFO - Width: 39, Height: 26, RowLength: 156
2019-09-20 17:25:54,416 - root - INFO - BPP: 32, Transparency: False
2019-09-20 17:25:54,418 - root - INFO - Resource 28 offset: 1204896, length: 5016...
2019-09-20 17:25:54,418 - root - DEBUG - Reading resource 28...
2019-09-20 17:25:54,418 - root - WARNING - The image is 32bit.
2019-09-20 17:25:54,418 - root - INFO - Reading image header(non-bip)...
2019-09-20 17:25:54,418 - root - INFO - Image header was read:
2019-09-20 17:25:54,418 - root - INFO - Width: 48, Height: 26, RowLength: 192
2019-09-20 17:25:54,418 - root - INFO - BPP: 32, Transparency: False
2019-09-20 17:25:54,421 - root - INFO - Resource 29 offset: 1209912, length: 5016...
2019-09-20 17:25:54,421 - root - DEBUG - Reading resource 29...
2019-09-20 17:25:54,421 - root - WARNING - The image is 32bit.
2019-09-20 17:25:54,421 - root - INFO - Reading image header(non-bip)...
2019-09-20 17:25:54,421 - root - INFO - Image header was read:
2019-09-20 17:25:54,421 - root - INFO - Width: 48, Height: 26, RowLength: 192
2019-09-20 17:25:54,421 - root - INFO - BPP: 32, Transparency: False
2019-09-20 17:25:54,423 - root - INFO - Resource 30 offset: 1214928, length: 6160...
2019-09-20 17:25:54,423 - root - DEBUG - Reading resource 30...
2019-09-20 17:25:54,423 - root - WARNING - The image is 32bit.
2019-09-20 17:25:54,423 - root - INFO - Reading image header(non-bip)...
2019-09-20 17:25:54,423 - root - INFO - Image header was read:
2019-09-20 17:25:54,423 - root - INFO - Width: 59, Height: 26, RowLength: 236
2019-09-20 17:25:54,423 - root - INFO - BPP: 32, Transparency: False
2019-09-20 17:25:54,426 - root - INFO - Resource 31 offset: 1221088, length: 5016...
2019-09-20 17:25:54,426 - root - DEBUG - Reading resource 31...
2019-09-20 17:25:54,426 - root - WARNING - The image is 32bit.
2019-09-20 17:25:54,426 - root - INFO - Reading image header(non-bip)...
2019-09-20 17:25:54,426 - root - INFO - Image header was read:
2019-09-20 17:25:54,426 - root - INFO - Width: 48, Height: 26, RowLength: 192
2019-09-20 17:25:54,426 - root - INFO - BPP: 32, Transparency: False
2019-09-20 17:25:54,429 - root - INFO - Resource 32 offset: 1226104, length: 6160...
2019-09-20 17:25:54,429 - root - DEBUG - Reading resource 32...
2019-09-20 17:25:54,429 - root - WARNING - The image is 32bit.
2019-09-20 17:25:54,429 - root - INFO - Reading image header(non-bip)...
2019-09-20 17:25:54,429 - root - INFO - Image header was read:
2019-09-20 17:25:54,429 - root - INFO - Width: 59, Height: 26, RowLength: 236
2019-09-20 17:25:54,429 - root - INFO - BPP: 32, Transparency: False
2019-09-20 17:25:54,432 - root - INFO - Resource 33 offset: 1232264, length: 5016...
2019-09-20 17:25:54,432 - root - DEBUG - Reading resource 33...
2019-09-20 17:25:54,432 - root - WARNING - The image is 32bit.
2019-09-20 17:25:54,432 - root - INFO - Reading image header(non-bip)...
2019-09-20 17:25:54,432 - root - INFO - Image header was read:
2019-09-20 17:25:54,432 - root - INFO - Width: 48, Height: 26, RowLength: 192
2019-09-20 17:25:54,432 - root - INFO - BPP: 32, Transparency: False
2019-09-20 17:25:54,434 - root - INFO - Resource 34 offset: 1237280, length: 4080...
2019-09-20 17:25:54,434 - root - DEBUG - Reading resource 34...
2019-09-20 17:25:54,434 - root - WARNING - The image is 32bit.
2019-09-20 17:25:54,434 - root - INFO - Reading image header(non-bip)...
2019-09-20 17:25:54,434 - root - INFO - Image header was read:
2019-09-20 17:25:54,434 - root - INFO - Width: 39, Height: 26, RowLength: 156
2019-09-20 17:25:54,434 - root - INFO - BPP: 32, Transparency: False
2019-09-20 17:25:54,436 - root - INFO - Resource 35 offset: 1241360, length: 5016...
2019-09-20 17:25:54,436 - root - DEBUG - Reading resource 35...
2019-09-20 17:25:54,436 - root - WARNING - The image is 32bit.
2019-09-20 17:25:54,436 - root - INFO - Reading image header(non-bip)...
2019-09-20 17:25:54,436 - root - INFO - Image header was read:
2019-09-20 17:25:54,436 - root - INFO - Width: 48, Height: 26, RowLength: 192
2019-09-20 17:25:54,436 - root - INFO - BPP: 32, Transparency: False
2019-09-20 17:25:54,439 - root - INFO - Resource 36 offset: 1246376, length: 5016...
2019-09-20 17:25:54,439 - root - DEBUG - Reading resource 36...
2019-09-20 17:25:54,439 - root - WARNING - The image is 32bit.
2019-09-20 17:25:54,439 - root - INFO - Reading image header(non-bip)...
2019-09-20 17:25:54,439 - root - INFO - Image header was read:
2019-09-20 17:25:54,439 - root - INFO - Width: 48, Height: 26, RowLength: 192
2019-09-20 17:25:54,439 - root - INFO - BPP: 32, Transparency: False
2019-09-20 17:25:54,441 - root - INFO - Resource 37 offset: 1251392, length: 6160...
2019-09-20 17:25:54,441 - root - DEBUG - Reading resource 37...
2019-09-20 17:25:54,441 - root - WARNING - The image is 32bit.
2019-09-20 17:25:54,441 - root - INFO - Reading image header(non-bip)...
2019-09-20 17:25:54,441 - root - INFO - Image header was read:
2019-09-20 17:25:54,441 - root - INFO - Width: 59, Height: 26, RowLength: 236
2019-09-20 17:25:54,441 - root - INFO - BPP: 32, Transparency: False
2019-09-20 17:25:54,444 - root - INFO - Resource 38 offset: 1257552, length: 5016...
2019-09-20 17:25:54,444 - root - DEBUG - Reading resource 38...
2019-09-20 17:25:54,444 - root - WARNING - The image is 32bit.
2019-09-20 17:25:54,445 - root - INFO - Reading image header(non-bip)...
2019-09-20 17:25:54,445 - root - INFO - Image header was read:
2019-09-20 17:25:54,445 - root - INFO - Width: 48, Height: 26, RowLength: 192
2019-09-20 17:25:54,445 - root - INFO - BPP: 32, Transparency: False
2019-09-20 17:25:54,447 - root - INFO - Resource 39 offset: 1262568, length: 6160...
2019-09-20 17:25:54,447 - root - DEBUG - Reading resource 39...
2019-09-20 17:25:54,447 - root - WARNING - The image is 32bit.
2019-09-20 17:25:54,447 - root - INFO - Reading image header(non-bip)...
2019-09-20 17:25:54,447 - root - INFO - Image header was read:
2019-09-20 17:25:54,447 - root - INFO - Width: 59, Height: 26, RowLength: 236
2019-09-20 17:25:54,447 - root - INFO - BPP: 32, Transparency: False
2019-09-20 17:25:54,450 - root - INFO - Resource 40 offset: 1268728, length: 5016...
2019-09-20 17:25:54,450 - root - DEBUG - Reading resource 40...
2019-09-20 17:25:54,450 - root - WARNING - The image is 32bit.
2019-09-20 17:25:54,450 - root - INFO - Reading image header(non-bip)...
2019-09-20 17:25:54,450 - root - INFO - Image header was read:
2019-09-20 17:25:54,450 - root - INFO - Width: 48, Height: 26, RowLength: 192
2019-09-20 17:25:54,451 - root - INFO - BPP: 32, Transparency: False
2019-09-20 17:25:54,453 - root - INFO - Resource 41 offset: 1273744, length: 4080...
2019-09-20 17:25:54,453 - root - DEBUG - Reading resource 41...
2019-09-20 17:25:54,453 - root - WARNING - The image is 32bit.
2019-09-20 17:25:54,453 - root - INFO - Reading image header(non-bip)...
2019-09-20 17:25:54,453 - root - INFO - Image header was read:
2019-09-20 17:25:54,453 - root - INFO - Width: 39, Height: 26, RowLength: 156
2019-09-20 17:25:54,453 - root - INFO - BPP: 32, Transparency: False
2019-09-20 17:25:54,455 - root - INFO - Resource 42 offset: 1277824, length: 5016...
2019-09-20 17:25:54,455 - root - DEBUG - Reading resource 42...
2019-09-20 17:25:54,455 - root - WARNING - The image is 32bit.
2019-09-20 17:25:54,455 - root - INFO - Reading image header(non-bip)...
2019-09-20 17:25:54,455 - root - INFO - Image header was read:
2019-09-20 17:25:54,455 - root - INFO - Width: 48, Height: 26, RowLength: 192
2019-09-20 17:25:54,455 - root - INFO - BPP: 32, Transparency: False
2019-09-20 17:25:54,457 - root - INFO - Resource 43 offset: 1282840, length: 5016...
2019-09-20 17:25:54,457 - root - DEBUG - Reading resource 43...
2019-09-20 17:25:54,458 - root - WARNING - The image is 32bit.
2019-09-20 17:25:54,458 - root - INFO - Reading image header(non-bip)...
2019-09-20 17:25:54,458 - root - INFO - Image header was read:
2019-09-20 17:25:54,458 - root - INFO - Width: 48, Height: 26, RowLength: 192
2019-09-20 17:25:54,458 - root - INFO - BPP: 32, Transparency: False
2019-09-20 17:25:54,460 - root - INFO - Resource 44 offset: 1287856, length: 2524...
2019-09-20 17:25:54,460 - root - DEBUG - Reading resource 44...
2019-09-20 17:25:54,460 - root - WARNING - The image is 32bit.
2019-09-20 17:25:54,460 - root - INFO - Reading image header(non-bip)...
2019-09-20 17:25:54,460 - root - INFO - Image header was read:
2019-09-20 17:25:54,460 - root - INFO - Width: 25, Height: 25, RowLength: 100
2019-09-20 17:25:54,460 - root - INFO - BPP: 32, Transparency: False
2019-09-20 17:25:54,461 - root - INFO - Resource 45 offset: 1290380, length: 3024...
2019-09-20 17:25:54,461 - root - DEBUG - Reading resource 45...
2019-09-20 17:25:54,461 - root - WARNING - The image is 32bit.
2019-09-20 17:25:54,462 - root - INFO - Reading image header(non-bip)...
2019-09-20 17:25:54,462 - root - INFO - Image header was read:
2019-09-20 17:25:54,462 - root - INFO - Width: 30, Height: 25, RowLength: 120
2019-09-20 17:25:54,462 - root - INFO - BPP: 32, Transparency: False
2019-09-20 17:25:54,463 - root - INFO - Resource 46 offset: 1293404, length: 20024...
2019-09-20 17:25:54,463 - root - DEBUG - Reading resource 46...
2019-09-20 17:25:54,463 - root - WARNING - The image is 32bit.
2019-09-20 17:25:54,463 - root - INFO - Reading image header(non-bip)...
2019-09-20 17:25:54,463 - root - INFO - Image header was read:
2019-09-20 17:25:54,463 - root - INFO - Width: 40, Height: 125, RowLength: 160
2019-09-20 17:25:54,463 - root - INFO - BPP: 32, Transparency: False
2019-09-20 17:25:54,472 - root - INFO - Resource 47 offset: 1313428, length: 27544...
2019-09-20 17:25:54,473 - root - DEBUG - Reading resource 47...
2019-09-20 17:25:54,473 - root - WARNING - The image is 32bit.
2019-09-20 17:25:54,473 - root - INFO - Reading image header(non-bip)...
2019-09-20 17:25:54,473 - root - INFO - Image header was read:
2019-09-20 17:25:54,473 - root - INFO - Width: 40, Height: 172, RowLength: 160
2019-09-20 17:25:54,473 - root - INFO - BPP: 32, Transparency: False
2019-09-20 17:25:54,485 - root - INFO - Resource 48 offset: 1340972, length: 47064...
2019-09-20 17:25:54,485 - root - DEBUG - Reading resource 48...
2019-09-20 17:25:54,485 - root - WARNING - The image is 32bit.
2019-09-20 17:25:54,485 - root - INFO - Reading image header(non-bip)...
2019-09-20 17:25:54,486 - root - INFO - Image header was read:
2019-09-20 17:25:54,486 - root - INFO - Width: 48, Height: 245, RowLength: 192
2019-09-20 17:25:54,486 - root - INFO - BPP: 32, Transparency: False
2019-09-20 17:25:54,508 - root - DEBUG - Parsing parameters...
2019-09-20 17:25:54,509 - root - DEBUG - generatePreviews
2019-09-20 17:25:54,509 - root - DEBUG - Generating previews...
2019-09-20 17:25:54,510 - root - DEBUG - Generating states done...
2019-09-20 17:25:54,528 - root - DEBUG - Generating static preview gen done...
2019-09-20 17:25:54,616 - root - DEBUG - Generating static preview save done...
2019-09-20 17:25:54,616 - root - DEBUG - Generating anim preview gen done...
2019-09-20 17:25:54,807 - root - DEBUG - generatePreviews done
2019-09-20 17:25:54,807 - root - DEBUG - Exporting resources to 'faces/remake_by_wahwahid_031_en_packed'
2019-09-20 17:25:54,807 - root - DEBUG - extracting faces/remake_by_wahwahid_031_en_packed/0000.png...
2019-09-20 17:25:54,853 - root - DEBUG - extracting faces/remake_by_wahwahid_031_en_packed/0001.png...
2019-09-20 17:25:54,877 - root - DEBUG - extracting faces/remake_by_wahwahid_031_en_packed/0002.png...
2019-09-20 17:25:54,877 - root - DEBUG - extracting faces/remake_by_wahwahid_031_en_packed/0003.png...
2019-09-20 17:25:54,878 - root - DEBUG - extracting faces/remake_by_wahwahid_031_en_packed/0004.png...
2019-09-20 17:25:54,878 - root - DEBUG - extracting faces/remake_by_wahwahid_031_en_packed/0005.png...
2019-09-20 17:25:54,878 - root - DEBUG - extracting faces/remake_by_wahwahid_031_en_packed/0006.png...
2019-09-20 17:25:54,879 - root - DEBUG - extracting faces/remake_by_wahwahid_031_en_packed/0007.png...
2019-09-20 17:25:54,879 - root - DEBUG - extracting faces/remake_by_wahwahid_031_en_packed/0008.png...
2019-09-20 17:25:54,880 - root - DEBUG - extracting faces/remake_by_wahwahid_031_en_packed/0009.png...
2019-09-20 17:25:54,880 - root - DEBUG - extracting faces/remake_by_wahwahid_031_en_packed/0010.png...
2019-09-20 17:25:54,880 - root - DEBUG - extracting faces/remake_by_wahwahid_031_en_packed/0011.png...
2019-09-20 17:25:54,881 - root - DEBUG - extracting faces/remake_by_wahwahid_031_en_packed/0012.png...
2019-09-20 17:25:54,881 - root - DEBUG - extracting faces/remake_by_wahwahid_031_en_packed/0013.png...
2019-09-20 17:25:54,881 - root - DEBUG - extracting faces/remake_by_wahwahid_031_en_packed/0014.png...
2019-09-20 17:25:54,881 - root - DEBUG - extracting faces/remake_by_wahwahid_031_en_packed/0015.png...
2019-09-20 17:25:54,881 - root - DEBUG - extracting faces/remake_by_wahwahid_031_en_packed/0016.png...
2019-09-20 17:25:54,882 - root - DEBUG - extracting faces/remake_by_wahwahid_031_en_packed/0017.png...
2019-09-20 17:25:54,882 - root - DEBUG - extracting faces/remake_by_wahwahid_031_en_packed/0018.png...
2019-09-20 17:25:54,882 - root - DEBUG - extracting faces/remake_by_wahwahid_031_en_packed/0019.png...
2019-09-20 17:25:54,882 - root - DEBUG - extracting faces/remake_by_wahwahid_031_en_packed/0020.png...
2019-09-20 17:25:54,883 - root - DEBUG - extracting faces/remake_by_wahwahid_031_en_packed/0021.png...
2019-09-20 17:25:54,883 - root - DEBUG - extracting faces/remake_by_wahwahid_031_en_packed/0022.png...
2019-09-20 17:25:54,883 - root - DEBUG - extracting faces/remake_by_wahwahid_031_en_packed/0023.png...
2019-09-20 17:25:54,883 - root - DEBUG - extracting faces/remake_by_wahwahid_031_en_packed/0024.png...
2019-09-20 17:25:54,884 - root - DEBUG - extracting faces/remake_by_wahwahid_031_en_packed/0025.png...
2019-09-20 17:25:54,884 - root - DEBUG - extracting faces/remake_by_wahwahid_031_en_packed/0026.png...
2019-09-20 17:25:54,885 - root - DEBUG - extracting faces/remake_by_wahwahid_031_en_packed/0027.png...
2019-09-20 17:25:54,885 - root - DEBUG - extracting faces/remake_by_wahwahid_031_en_packed/0028.png...
2019-09-20 17:25:54,885 - root - DEBUG - extracting faces/remake_by_wahwahid_031_en_packed/0029.png...
2019-09-20 17:25:54,886 - root - DEBUG - extracting faces/remake_by_wahwahid_031_en_packed/0030.png...
2019-09-20 17:25:54,886 - root - DEBUG - extracting faces/remake_by_wahwahid_031_en_packed/0031.png...
2019-09-20 17:25:54,886 - root - DEBUG - extracting faces/remake_by_wahwahid_031_en_packed/0032.png...
2019-09-20 17:25:54,887 - root - DEBUG - extracting faces/remake_by_wahwahid_031_en_packed/0033.png...
2019-09-20 17:25:54,887 - root - DEBUG - extracting faces/remake_by_wahwahid_031_en_packed/0034.png...
2019-09-20 17:25:54,887 - root - DEBUG - extracting faces/remake_by_wahwahid_031_en_packed/0035.png...
2019-09-20 17:25:54,888 - root - DEBUG - extracting faces/remake_by_wahwahid_031_en_packed/0036.png...
2019-09-20 17:25:54,888 - root - DEBUG - extracting faces/remake_by_wahwahid_031_en_packed/0037.png...
2019-09-20 17:25:54,888 - root - DEBUG - extracting faces/remake_by_wahwahid_031_en_packed/0038.png...
2019-09-20 17:25:54,889 - root - DEBUG - extracting faces/remake_by_wahwahid_031_en_packed/0039.png...
2019-09-20 17:25:54,889 - root - DEBUG - extracting faces/remake_by_wahwahid_031_en_packed/0040.png...
2019-09-20 17:25:54,890 - root - DEBUG - extracting faces/remake_by_wahwahid_031_en_packed/0041.png...
2019-09-20 17:25:54,890 - root - DEBUG - extracting faces/remake_by_wahwahid_031_en_packed/0042.png...
2019-09-20 17:25:54,890 - root - DEBUG - extracting faces/remake_by_wahwahid_031_en_packed/0043.png...
2019-09-20 17:25:54,891 - root - DEBUG - extracting faces/remake_by_wahwahid_031_en_packed/0044.png...
2019-09-20 17:25:54,891 - root - DEBUG - extracting faces/remake_by_wahwahid_031_en_packed/0045.png...
2019-09-20 17:25:54,891 - root - DEBUG - extracting faces/remake_by_wahwahid_031_en_packed/0046.png...
2019-09-20 17:25:54,893 - root - DEBUG - extracting faces/remake_by_wahwahid_031_en_packed/0047.png...
2019-09-20 17:25:54,896 - root - DEBUG - extracting faces/remake_by_wahwahid_031_en_packed/0048.png...
2019-09-20 17:25:54,899 - root - DEBUG - Exporting config...
